<?xml version="1.0" encoding="UTF-8"?>
<!-- Generated by org.testng.reporters.JUnitReportReporter -->
<testsuite hostname="hp" failures="0" tests="8" name="com.google.testing.Testswitchingwindow" time="0.179" errors="1" timestamp="2022-11-27T16:37:10 IST" skipped="7">
  <testcase classname="com.google.testing.Testswitchingwindow" name="beforeClass" time="0.179">
    <error message="java.net.URISyntaxException: Illegal character in authority at index 7: http://local host:4444/ui" type="java.lang.RuntimeException">
      <![CDATA[java.lang.RuntimeException: java.net.URISyntaxException: Illegal character in authority at index 7: http://local host:4444/ui
at org.openqa.selenium.remote.http.ClientConfig.baseUrl(ClientConfig.java:81)
at org.openqa.selenium.remote.RemoteWebDriver.createExecutor(RemoteWebDriver.java:178)
at org.openqa.selenium.remote.RemoteWebDriver.<init>(RemoteWebDriver.java:139)
at com.google.testing.Testswitchingwindow.beforeClass(Testswitchingwindow.java:45)
at java.base/jdk.internal.reflect.DirectMethodHandleAccessor.invoke(DirectMethodHandleAccessor.java:104)
at java.base/java.lang.reflect.Method.invoke(Method.java:577)
at org.testng.internal.MethodInvocationHelper.invokeMethod(MethodInvocationHelper.java:133)
at org.testng.internal.MethodInvocationHelper.invokeMethodConsideringTimeout(MethodInvocationHelper.java:62)
at org.testng.internal.ConfigInvoker.invokeConfigurationMethod(ConfigInvoker.java:385)
at org.testng.internal.ConfigInvoker.invokeConfigurations(ConfigInvoker.java:321)
at org.testng.internal.TestMethodWorker.invokeBeforeClassMethods(TestMethodWorker.java:176)
at org.testng.internal.TestMethodWorker.run(TestMethodWorker.java:122)
at java.base/java.util.ArrayList.forEach(ArrayList.java:1511)
at org.testng.TestRunner.privateRun(TestRunner.java:794)
at org.testng.TestRunner.run(TestRunner.java:596)
at org.testng.SuiteRunner.runTest(SuiteRunner.java:377)
at org.testng.SuiteRunner.runSequentially(SuiteRunner.java:371)
at org.testng.SuiteRunner.privateRun(SuiteRunner.java:332)
at org.testng.SuiteRunner.run(SuiteRunner.java:276)
at org.testng.SuiteRunnerWorker.runSuite(SuiteRunnerWorker.java:53)
at org.testng.SuiteRunnerWorker.run(SuiteRunnerWorker.java:96)
at org.testng.TestNG.runSuitesSequentially(TestNG.java:1212)
at org.testng.TestNG.runSuitesLocally(TestNG.java:1134)
at org.testng.TestNG.runSuites(TestNG.java:1063)
at org.testng.TestNG.run(TestNG.java:1031)
at org.testng.remote.AbstractRemoteTestNG.run(AbstractRemoteTestNG.java:115)
at org.testng.remote.RemoteTestNG.initAndRun(RemoteTestNG.java:251)
at org.testng.remote.RemoteTestNG.main(RemoteTestNG.java:77)
Caused by: java.net.URISyntaxException: Illegal character in authority at index 7: http://local host:4444/ui
at java.base/java.net.URI$Parser.fail(URI.java:2973)
at java.base/java.net.URI$Parser.parseAuthority(URI.java:3307)
at java.base/java.net.URI$Parser.parseHierarchical(URI.java:3218)
at java.base/java.net.URI$Parser.parse(URI.java:3174)
at java.base/java.net.URI.<init>(URI.java:623)
at java.base/java.net.URL.toURI(URL.java:1056)
at org.openqa.selenium.remote.http.ClientConfig.baseUrl(ClientConfig.java:79)
... 27 more
]]>
    </error>
  </testcase> <!-- beforeClass -->
  <system-out/>
  <testcase classname="com.google.testing.Testswitchingwindow" name="menuSearch" time="0.000">
    <skipped/>
  </testcase> <!-- menuSearch -->
  <system-out/>
  <testcase classname="com.google.testing.Testswitchingwindow" name="draggable">
    <skipped/>
  </testcase> <!-- draggable -->
  <system-out/>
  <testcase classname="com.google.testing.Testswitchingwindow" name="dropable">
    <skipped/>
  </testcase> <!-- dropable -->
  <system-out/>
  <testcase classname="com.google.testing.Testswitchingwindow" name="resizeable">
    <skipped/>
  </testcase> <!-- resizeable -->
  <system-out/>
  <testcase classname="com.google.testing.Testswitchingwindow" name="switchWindow">
    <skipped/>
  </testcase> <!-- switchWindow -->
  <system-out/>
  <testcase classname="com.google.testing.Testswitchingwindow" name="selectable">
    <skipped/>
  </testcase> <!-- selectable -->
  <system-out/>
  <testcase classname="com.google.testing.Testswitchingwindow" name="sortable">
    <skipped/>
  </testcase> <!-- sortable -->
  <system-out/>
</testsuite> <!-- com.google.testing.Testswitchingwindow -->
